<?xml version="1.0" encoding="UTF-8"?>
<robot generator="Robot 4.1.3 (Python 3.7.5 on win32)" generated="20220321 14:14:31.222" rpa="true" schemaversion="2">
<suite id="s1" name="Tasks" source="\\tuufile\koti$\torniv\Code\order_robot\tasks.robot">
<test id="s1-t1" name="Order robots from RobotSpareBin Industries Inc">
<kw name="Open the robot order website">
<kw name="Get Secret" library="RPA.Robocorp.Vault">
<var>${secret}</var>
<arg>credentials</arg>
<doc>Read a secret from the configured source, e.g. Robocorp Vault,
and return it as a ``Secret`` object.</doc>
<msg timestamp="20220321 14:14:32.744" level="INFO">Protecting keyword: RPA.Robocorp.Vault.Get Secret</msg>
<msg timestamp="20220321 14:14:32.791" level="INFO">Log level changed from NONE to INFO.</msg>
<status status="PASS" starttime="20220321 14:14:32.744" endtime="20220321 14:14:32.790"/>
</kw>
<kw name="Open Available Browser" library="RPA.Browser.Selenium">
<arg>${secret}[webpage]</arg>
<doc>Attempts to open a browser on the user's device from a set of
supported browsers. Automatically downloads a corresponding webdriver
if none is already installed.</doc>
<msg timestamp="20220321 14:14:32.792" level="INFO">Creating an instance of the Chrome WebDriver.</msg>
<msg timestamp="20220321 14:14:32.822" level="INFO">Created download root directory: C:\Users\kaariainenv\AppData\Local\robocorp\webdrivers</msg>
<msg timestamp="20220321 14:14:32.823" level="INFO">Created symlink directory: C:\Users\kaariainenv\AppData\Local\robocorp\webdrivers</msg>
<msg timestamp="20220321 14:14:32.823" level="INFO">Creating an instance of the Chrome WebDriver.</msg>
<msg timestamp="20220321 14:14:33.929" level="INFO">Created Chrome browser with arguments: --disable-dev-shm-usage --disable-web-security --allow-running-insecure-content --no-sandbox</msg>
<msg timestamp="20220321 14:14:33.930" level="INFO" html="true">&lt;p&gt;Attempted combinations:&lt;/p&gt;&lt;div class="doc"&gt;&lt;table&gt;&lt;tr&gt;&lt;th&gt;Browser&lt;/th&gt;&lt;th&gt;Download&lt;/th&gt;&lt;th&gt;Error&lt;/th&gt;&lt;/tr&gt;&lt;tr&gt;&lt;td&gt;Chrome&lt;/td&gt;&lt;td&gt;False&lt;/td&gt;&lt;td&gt;Message: 'chromedriver' executable needs to be in PATH. Please see https://sites.google.com/a/chromium.org/chromedriver/home
&lt;/td&gt;&lt;/tr&gt;&lt;tr&gt;&lt;td&gt;Chrome&lt;/td&gt;&lt;td&gt;True&lt;/td&gt;&lt;td&gt;&lt;/td&gt;&lt;/tr&gt;&lt;/table&gt;&lt;/div&gt;</msg>
<msg timestamp="20220321 14:14:33.930" level="INFO">Opening url 'https://robotsparebinindustries.com/#/robot-order'</msg>
<status status="PASS" starttime="20220321 14:14:32.791" endtime="20220321 14:14:34.356"/>
</kw>
<status status="PASS" starttime="20220321 14:14:32.744" endtime="20220321 14:14:34.356"/>
</kw>
<kw name="Click ok">
<kw name="Click Button" library="RPA.Browser.Selenium">
<arg>OK</arg>
<doc>Clicks the button identified by ``locator``.</doc>
<msg timestamp="20220321 14:14:34.357" level="INFO">Clicking button 'OK'.</msg>
<status status="PASS" starttime="20220321 14:14:34.357" endtime="20220321 14:14:34.411"/>
</kw>
<status status="PASS" starttime="20220321 14:14:34.356" endtime="20220321 14:14:34.412"/>
</kw>
<kw name="Download the CSV file">
<kw name="Collect Search Query From User">
<var>${search_query}</var>
<kw name="Add text input" library="RPA.Dialogs">
<arg>search</arg>
<arg>label=Order CSV URL</arg>
<arg>placeholder=https://robotsparebinindustries.com/orders.csv</arg>
<tag>input</tag>
<doc>Add a text input element</doc>
<status status="PASS" starttime="20220321 14:14:34.412" endtime="20220321 14:14:34.413"/>
</kw>
<kw name="Run dialog" library="RPA.Dialogs">
<var>${response}</var>
<arg>title= Enter CSV URL</arg>
<tag>dialog</tag>
<doc>Create a dialog from all the defined elements and block
until the user has handled it.</doc>
<msg timestamp="20220321 14:14:34.413" level="INFO">Protecting keyword: RPA.Dialogs.Run dialog</msg>
<msg timestamp="20220321 14:14:47.179" level="INFO">Log level changed from NONE to INFO.</msg>
<status status="FAIL" starttime="20220321 14:14:34.413" endtime="20220321 14:14:47.178"/>
</kw>
<status status="FAIL" starttime="20220321 14:14:34.412" endtime="20220321 14:14:47.180"/>
</kw>
<kw name="Download" library="RPA.HTTP">
<arg>${search_query}</arg>
<arg>overwrite=True</arg>
<doc>An alias for the ``HTTP Get`` keyword.</doc>
<status status="NOT RUN" starttime="20220321 14:14:47.181" endtime="20220321 14:14:47.181"/>
</kw>
<status status="FAIL" starttime="20220321 14:14:34.412" endtime="20220321 14:14:47.181"/>
</kw>
<kw name="Read csv table">
<var>${orders}</var>
<status status="NOT RUN" starttime="20220321 14:14:47.182" endtime="20220321 14:14:47.182"/>
</kw>
<for flavor="IN">
<var>${Order number}</var>
<value>@{orders}</value>
<iter>
<var name="${Order number}">${Order number}</var>
<kw name="Get orders">
<arg>${Order number}</arg>
<status status="NOT RUN" starttime="20220321 14:14:47.182" endtime="20220321 14:14:47.182"/>
</kw>
<kw name="Preview">
<status status="NOT RUN" starttime="20220321 14:14:47.183" endtime="20220321 14:14:47.183"/>
</kw>
<kw name="Order until success">
<status status="NOT RUN" starttime="20220321 14:14:47.183" endtime="20220321 14:14:47.183"/>
</kw>
<kw name="Make pdf">
<arg>${Order number}</arg>
<status status="NOT RUN" starttime="20220321 14:14:47.183" endtime="20220321 14:14:47.183"/>
</kw>
<kw name="Order another">
<status status="NOT RUN" starttime="20220321 14:14:47.183" endtime="20220321 14:14:47.183"/>
</kw>
<kw name="Click ok">
<status status="NOT RUN" starttime="20220321 14:14:47.183" endtime="20220321 14:14:47.183"/>
</kw>
<status status="NOT RUN" starttime="20220321 14:14:47.182" endtime="20220321 14:14:47.184"/>
</iter>
<status status="NOT RUN" starttime="20220321 14:14:47.182" endtime="20220321 14:14:47.184"/>
</for>
<kw name="Create ZIP package from PDF files">
<status status="NOT RUN" starttime="20220321 14:14:47.184" endtime="20220321 14:14:47.184"/>
</kw>
<kw name="Close the browser" type="TEARDOWN">
<kw name="Close Browser" library="RPA.Browser.Selenium">
<doc>Closes the current browser.</doc>
<status status="PASS" starttime="20220321 14:14:47.185" endtime="20220321 14:14:49.355"/>
</kw>
<status status="PASS" starttime="20220321 14:14:47.184" endtime="20220321 14:14:49.355"/>
</kw>
<status status="FAIL" starttime="20220321 14:14:32.743" endtime="20220321 14:14:49.355">Aborted by user</status>
</test>
<test id="s1-t2" name="Minimal task">
<kw name="Log" library="BuiltIn">
<arg>Done.</arg>
<doc>Logs the given message with the given level.</doc>
<msg timestamp="20220321 14:14:49.358" level="INFO">Done.</msg>
<status status="PASS" starttime="20220321 14:14:49.357" endtime="20220321 14:14:49.358"/>
</kw>
<status status="PASS" starttime="20220321 14:14:49.356" endtime="20220321 14:14:49.358"/>
</test>
<doc>Orders robots from RobotSpareBin Industries Inc.
Saves the order HTML receipt as a PDF file.
Saves the screenshot of the ordered robot.
Embeds the screenshot of the robot to the PDF receipt.
Creates ZIP archive of the receipts and the images.</doc>
<status status="FAIL" starttime="20220321 14:14:31.266" endtime="20220321 14:14:49.359"/>
</suite>
<statistics>
<total>
<stat pass="1" fail="1" skip="0">All Tasks</stat>
</total>
<tag>
</tag>
<suite>
<stat pass="1" fail="1" skip="0" id="s1" name="Tasks">Tasks</stat>
</suite>
</statistics>
<errors>
</errors>
</robot>
